
  0%|                                                                                                                                                               | 0/469 [00:00<?, ?it/s]
  0%|3                                                                                                                                                      | 1/469 [00:00<02:11,  3.55it/s]
  2%|##8                                                                                                                                                    | 9/469 [00:00<00:16, 28.71it/s]
  4%|######                                                                                                                                                | 19/469 [00:00<00:08, 51.38it/s]
  6%|########9                                                                                                                                             | 28/469 [00:00<00:06, 63.38it/s]
  8%|###########8                                                                                                                                          | 37/469 [00:00<00:06, 70.89it/s]
 10%|##############7                                                                                                                                       | 46/469 [00:00<00:05, 76.24it/s]
 12%|#################5                                                                                                                                    | 55/469 [00:00<00:05, 78.39it/s]
 14%|####################4                                                                                                                                 | 64/469 [00:01<00:05, 79.21it/s]
 16%|#######################3                                                                                                                              | 73/469 [00:01<00:04, 80.77it/s]
 17%|##########################2                                                                                                                           | 82/469 [00:01<00:04, 82.73it/s]
 20%|#############################4                                                                                                                        | 92/469 [00:01<00:04, 85.75it/s]
 22%|################################7                                                                                                                    | 103/469 [00:01<00:04, 91.43it/s]
 25%|####################################5                                                                                                                | 115/469 [00:01<00:03, 97.71it/s]
 27%|########################################                                                                                                            | 127/469 [00:01<00:03, 102.94it/s]
 30%|###########################################8                                                                                                        | 139/469 [00:01<00:03, 106.64it/s]
 32%|###############################################6                                                                                                    | 151/469 [00:01<00:02, 109.56it/s]
 35%|###################################################4                                                                                                | 163/469 [00:01<00:02, 111.71it/s]
 37%|#######################################################2                                                                                            | 175/469 [00:02<00:02, 113.80it/s]
 40%|###########################################################                                                                                         | 187/469 [00:02<00:02, 115.53it/s]
 42%|##############################################################7                                                                                     | 199/469 [00:02<00:02, 116.51it/s]
 45%|##################################################################5                                                                                 | 211/469 [00:02<00:02, 114.82it/s]
 48%|######################################################################3                                                                             | 223/469 [00:02<00:02, 113.68it/s]
 50%|##########################################################################1                                                                         | 235/469 [00:02<00:02, 114.84it/s]
 53%|#############################################################################9                                                                      | 247/469 [00:02<00:01, 116.35it/s]
 55%|#################################################################################7                                                                  | 259/469 [00:02<00:01, 116.39it/s]
 58%|#####################################################################################5                                                              | 271/469 [00:02<00:01, 115.61it/s]
 60%|#########################################################################################3                                                          | 283/469 [00:02<00:01, 114.55it/s]
 63%|#############################################################################################                                                       | 295/469 [00:03<00:01, 115.84it/s]
 65%|################################################################################################8                                                   | 307/469 [00:03<00:01, 117.06it/s]
 68%|####################################################################################################6                                               | 319/469 [00:03<00:01, 117.23it/s]
 71%|########################################################################################################4                                           | 331/469 [00:03<00:01, 117.03it/s]
 73%|############################################################################################################2                                       | 343/469 [00:03<00:01, 117.22it/s]
 76%|################################################################################################################                                    | 355/469 [00:03<00:00, 116.66it/s]
 78%|###################################################################################################################8                                | 367/469 [00:03<00:00, 112.04it/s]
 81%|#######################################################################################################################5                            | 379/469 [00:03<00:00, 112.07it/s]
 83%|###########################################################################################################################3                        | 391/469 [00:03<00:00, 108.16it/s]
 86%|##############################################################################################################################8                     | 402/469 [00:04<00:00, 101.14it/s]
 88%|##################################################################################################################################6                 | 414/469 [00:04<00:00, 103.44it/s]
 91%|#######################################################################################################################################              | 425/469 [00:04<00:00, 96.69it/s]
 93%|##########################################################################################################################################1          | 435/469 [00:04<00:00, 97.38it/s]
 95%|#############################################################################################################################################       | 447/469 [00:04<00:00, 102.45it/s]
 98%|################################################################################################################################################8   | 459/469 [00:04<00:00, 105.29it/s]
100%|#####################################################################################################################################################| 469/469 [00:04<00:00, 99.16it/s]

  0%|                                                                                                                                                                | 0/79 [00:00<?, ?it/s]
 15%|######################7                                                                                                                               | 12/79 [00:00<00:00, 114.29it/s]
 30%|#############################################5                                                                                                        | 24/79 [00:00<00:00, 105.25it/s]
 44%|##################################################################4                                                                                   | 35/79 [00:00<00:00, 101.90it/s]
 58%|#######################################################################################9                                                               | 46/79 [00:00<00:00, 99.41it/s]
 71%|###########################################################################################################                                            | 56/79 [00:00<00:00, 96.11it/s]
 85%|################################################################################################################################                       | 67/79 [00:00<00:00, 98.30it/s]
 97%|###################################################################################################################################################1   | 77/79 [00:00<00:00, 98.52it/s]
100%|#######################################################################################################################################################| 79/79 [00:00<00:00, 99.15it/s]

  0%|                                                                                                                                                               | 0/469 [00:00<?, ?it/s]
  1%|##2                                                                                                                                                    | 7/469 [00:00<00:06, 68.63it/s]
  3%|#####1                                                                                                                                                | 16/469 [00:00<00:05, 76.21it/s]
  5%|#######9                                                                                                                                              | 25/469 [00:00<00:05, 79.14it/s]
  7%|##########8                                                                                                                                           | 34/469 [00:00<00:05, 81.69it/s]
  9%|#############7                                                                                                                                        | 43/469 [00:00<00:05, 80.96it/s]
 11%|################6                                                                                                                                     | 52/469 [00:00<00:05, 82.61it/s]
 13%|###################5                                                                                                                                  | 61/469 [00:00<00:04, 83.10it/s]
 15%|#######################                                                                                                                               | 72/469 [00:00<00:04, 90.16it/s]
 17%|##########################2                                                                                                                           | 82/469 [00:00<00:04, 90.93it/s]
 20%|#############################4                                                                                                                        | 92/469 [00:01<00:04, 93.05it/s]
 22%|################################8                                                                                                                   | 104/469 [00:01<00:03, 100.71it/s]
 25%|####################################6                                                                                                               | 116/469 [00:01<00:03, 105.79it/s]
 27%|########################################3                                                                                                           | 128/469 [00:01<00:03, 108.83it/s]
 30%|############################################1                                                                                                       | 140/469 [00:01<00:02, 110.50it/s]
 32%|###############################################9                                                                                                    | 152/469 [00:01<00:02, 110.29it/s]
 35%|###################################################7                                                                                                | 164/469 [00:01<00:02, 112.78it/s]
 38%|#######################################################5                                                                                            | 176/469 [00:01<00:02, 113.44it/s]
 40%|###########################################################3                                                                                        | 188/469 [00:01<00:02, 114.02it/s]
 43%|###############################################################1                                                                                    | 200/469 [00:01<00:02, 114.43it/s]
 45%|##################################################################8                                                                                 | 212/469 [00:02<00:02, 110.88it/s]
 48%|######################################################################6                                                                             | 224/469 [00:02<00:02, 100.84it/s]
 50%|##########################################################################6                                                                          | 235/469 [00:02<00:02, 93.80it/s]
 52%|#############################################################################8                                                                       | 245/469 [00:02<00:02, 88.60it/s]
 54%|#################################################################################                                                                    | 255/469 [00:02<00:02, 85.54it/s]
 56%|###################################################################################8                                                                 | 264/469 [00:02<00:02, 84.36it/s]
 58%|######################################################################################7                                                              | 273/469 [00:02<00:02, 82.20it/s]
 60%|#########################################################################################9                                                           | 283/469 [00:02<00:02, 85.97it/s]
 63%|#############################################################################################4                                                       | 294/469 [00:03<00:01, 92.23it/s]
 65%|#################################################################################################2                                                   | 306/469 [00:03<00:01, 99.13it/s]
 68%|####################################################################################################3                                               | 318/469 [00:03<00:01, 103.78it/s]
 70%|########################################################################################################1                                           | 330/469 [00:03<00:01, 108.10it/s]
 73%|###########################################################################################################9                                        | 342/469 [00:03<00:01, 110.90it/s]
 75%|###############################################################################################################7                                    | 354/469 [00:03<00:01, 111.04it/s]
 78%|###################################################################################################################4                                | 366/469 [00:03<00:00, 104.33it/s]
 80%|######################################################################################################################9                             | 377/469 [00:03<00:00, 100.90it/s]
 83%|##########################################################################################################################4                         | 388/469 [00:03<00:00, 100.11it/s]
 85%|##############################################################################################################################2                     | 400/469 [00:04<00:00, 103.29it/s]
 88%|#################################################################################################################################6                  | 411/469 [00:04<00:00, 104.57it/s]
 90%|#####################################################################################################################################1              | 422/469 [00:04<00:00, 103.47it/s]
 93%|########################################################################################################################################9           | 434/469 [00:04<00:00, 106.04it/s]
 95%|############################################################################################################################################4       | 445/469 [00:04<00:00, 104.79it/s]
 97%|################################################################################################################################################8    | 456/469 [00:04<00:00, 99.03it/s]
100%|###################################################################################################################################################6| 468/469 [00:04<00:00, 103.92it/s]
100%|#####################################################################################################################################################| 469/469 [00:04<00:00, 98.93it/s]

  0%|                                                                                                                                                                | 0/79 [00:00<?, ?it/s]
 16%|########################6                                                                                                                             | 13/79 [00:00<00:00, 127.45it/s]
 35%|#####################################################1                                                                                                | 28/79 [00:00<00:00, 139.79it/s]
 54%|#################################################################################6                                                                    | 43/79 [00:00<00:00, 141.85it/s]
 73%|##############################################################################################################1                                       | 58/79 [00:00<00:00, 139.59it/s]
 91%|########################################################################################################################################7             | 72/79 [00:00<00:00, 136.87it/s]
100%|######################################################################################################################################################| 79/79 [00:00<00:00, 138.08it/s]

  0%|                                                                                                                                                               | 0/469 [00:00<?, ?it/s]
  2%|##8                                                                                                                                                    | 9/469 [00:00<00:05, 89.23it/s]
  4%|#####7                                                                                                                                                | 18/469 [00:00<00:05, 88.64it/s]
  6%|########6                                                                                                                                             | 27/469 [00:00<00:05, 81.53it/s]
  8%|###########5                                                                                                                                          | 36/469 [00:00<00:05, 79.65it/s]
 10%|##############3                                                                                                                                       | 45/469 [00:00<00:05, 78.15it/s]
 11%|################9                                                                                                                                     | 53/469 [00:00<00:05, 78.66it/s]
 13%|###################5                                                                                                                                  | 61/469 [00:00<00:05, 78.35it/s]
 15%|######################                                                                                                                                | 69/469 [00:00<00:05, 78.85it/s]
 16%|########################6                                                                                                                             | 77/469 [00:00<00:04, 79.04it/s]
 18%|###########################5                                                                                                                          | 86/469 [00:01<00:04, 79.30it/s]
 20%|##############################                                                                                                                        | 94/469 [00:01<00:04, 79.04it/s]
 22%|################################7                                                                                                                    | 103/469 [00:01<00:04, 79.62it/s]
 24%|###################################5                                                                                                                 | 112/469 [00:01<00:04, 81.21it/s]
 26%|#######################################                                                                                                              | 123/469 [00:01<00:03, 87.01it/s]
 28%|##########################################2                                                                                                          | 133/469 [00:01<00:03, 90.35it/s]
 30%|#############################################4                                                                                                       | 143/469 [00:01<00:03, 92.34it/s]
 33%|################################################6                                                                                                    | 153/469 [00:01<00:03, 94.56it/s]
 35%|###################################################7                                                                                                 | 163/469 [00:01<00:03, 94.22it/s]
 37%|######################################################9                                                                                              | 173/469 [00:02<00:03, 95.07it/s]
 39%|##########################################################1                                                                                          | 183/469 [00:02<00:02, 95.40it/s]
 41%|#############################################################3                                                                                       | 193/469 [00:02<00:02, 96.18it/s]
 43%|################################################################4                                                                                    | 203/469 [00:02<00:02, 95.89it/s]
 45%|###################################################################6                                                                                 | 213/469 [00:02<00:02, 95.02it/s]
 48%|######################################################################8                                                                              | 223/469 [00:02<00:02, 95.53it/s]
 50%|##########################################################################                                                                           | 233/469 [00:02<00:02, 94.90it/s]
 52%|#############################################################################2                                                                       | 243/469 [00:02<00:02, 95.28it/s]
 54%|################################################################################3                                                                    | 253/469 [00:02<00:02, 94.72it/s]
 56%|###################################################################################5                                                                 | 263/469 [00:02<00:02, 94.60it/s]
 58%|######################################################################################7                                                              | 273/469 [00:03<00:02, 92.72it/s]
 60%|#########################################################################################9                                                           | 283/469 [00:03<00:02, 92.94it/s]
 62%|#############################################################################################                                                        | 293/469 [00:03<00:01, 93.67it/s]
 65%|################################################################################################2                                                    | 303/469 [00:03<00:01, 93.08it/s]
 67%|###################################################################################################4                                                 | 313/469 [00:03<00:01, 93.98it/s]
 69%|######################################################################################################6                                              | 323/469 [00:03<00:01, 93.83it/s]
 71%|#########################################################################################################7                                           | 333/469 [00:03<00:01, 95.05it/s]
 73%|############################################################################################################9                                        | 343/469 [00:03<00:01, 95.11it/s]
 75%|################################################################################################################1                                    | 353/469 [00:03<00:01, 94.61it/s]
 77%|###################################################################################################################3                                 | 363/469 [00:04<00:01, 92.69it/s]
 80%|######################################################################################################################5                              | 373/469 [00:04<00:01, 91.31it/s]
 82%|#########################################################################################################################6                           | 383/469 [00:04<00:00, 91.57it/s]
 84%|############################################################################################################################8                        | 393/469 [00:04<00:00, 92.39it/s]
 86%|################################################################################################################################                     | 403/469 [00:04<00:00, 92.19it/s]
 88%|###################################################################################################################################2                 | 413/469 [00:04<00:00, 92.83it/s]
 90%|######################################################################################################################################3              | 423/469 [00:04<00:00, 93.28it/s]
 92%|#########################################################################################################################################5           | 433/469 [00:04<00:00, 94.12it/s]
 94%|############################################################################################################################################7        | 443/469 [00:04<00:00, 93.92it/s]
 97%|###############################################################################################################################################9     | 453/469 [00:05<00:00, 93.78it/s]
 99%|###################################################################################################################################################  | 463/469 [00:05<00:00, 93.16it/s]
100%|#####################################################################################################################################################| 469/469 [00:05<00:00, 90.53it/s]

  0%|                                                                                                                                                                | 0/79 [00:00<?, ?it/s]
 16%|########################6                                                                                                                             | 13/79 [00:00<00:00, 124.26it/s]
 33%|#################################################3                                                                                                    | 26/79 [00:00<00:00, 126.84it/s]
 49%|##########################################################################                                                                            | 39/79 [00:00<00:00, 127.69it/s]
 67%|####################################################################################################6                                                 | 53/79 [00:00<00:00, 130.46it/s]
 85%|###############################################################################################################################2                      | 67/79 [00:00<00:00, 130.60it/s]
100%|######################################################################################################################################################| 79/79 [00:00<00:00, 130.02it/s]

  0%|                                                                                                                                                               | 0/469 [00:00<?, ?it/s]
  2%|##8                                                                                                                                                    | 9/469 [00:00<00:05, 83.34it/s]
  4%|#####7                                                                                                                                                | 18/469 [00:00<00:05, 85.67it/s]
  6%|########6                                                                                                                                             | 27/469 [00:00<00:05, 86.98it/s]
  8%|###########5                                                                                                                                          | 36/469 [00:00<00:04, 86.81it/s]
 10%|##############3                                                                                                                                       | 45/469 [00:00<00:04, 87.71it/s]
 12%|#################2                                                                                                                                    | 54/469 [00:00<00:04, 88.24it/s]
 13%|####################1                                                                                                                                 | 63/469 [00:00<00:04, 87.03it/s]
 16%|#######################3                                                                                                                              | 73/469 [00:00<00:04, 88.56it/s]
 18%|##########################5                                                                                                                           | 83/469 [00:00<00:04, 89.43it/s]
 20%|#############################4                                                                                                                        | 92/469 [00:01<00:04, 89.60it/s]
 22%|################################                                                                                                                     | 101/469 [00:01<00:04, 88.90it/s]
 23%|##################################9                                                                                                                  | 110/469 [00:01<00:04, 88.73it/s]
 25%|#####################################8                                                                                                               | 119/469 [00:01<00:03, 87.77it/s]
 27%|########################################6                                                                                                            | 128/469 [00:01<00:03, 87.00it/s]
 29%|###########################################8                                                                                                         | 138/469 [00:01<00:03, 87.81it/s]
 31%|##############################################7                                                                                                      | 147/469 [00:01<00:03, 88.18it/s]
 33%|#################################################5                                                                                                   | 156/469 [00:01<00:03, 88.39it/s]
 35%|####################################################4                                                                                                | 165/469 [00:01<00:03, 88.61it/s]
 37%|#######################################################5                                                                                             | 175/469 [00:01<00:03, 89.32it/s]
 39%|##########################################################4                                                                                          | 184/469 [00:02<00:03, 89.24it/s]
 41%|#############################################################3                                                                                       | 193/469 [00:02<00:03, 88.82it/s]
 43%|################################################################1                                                                                    | 202/469 [00:02<00:03, 88.68it/s]
 45%|###################################################################                                                                                  | 211/469 [00:02<00:02, 86.03it/s]
 47%|#####################################################################8                                                                               | 220/469 [00:02<00:02, 86.97it/s]
 49%|########################################################################7                                                                            | 229/469 [00:02<00:02, 86.84it/s]
 51%|###########################################################################6                                                                         | 238/469 [00:02<00:02, 87.48it/s]
 53%|##############################################################################4                                                                      | 247/469 [00:02<00:02, 87.47it/s]
 55%|#################################################################################3                                                                   | 256/469 [00:02<00:02, 87.68it/s]
 57%|####################################################################################1                                                                | 265/469 [00:03<00:02, 87.83it/s]
 58%|#######################################################################################                                                              | 274/469 [00:03<00:02, 87.71it/s]
 60%|#########################################################################################9                                                           | 283/469 [00:03<00:02, 87.59it/s]
 62%|#############################################################################################                                                        | 293/469 [00:03<00:01, 88.16it/s]
 64%|###############################################################################################9                                                     | 302/469 [00:03<00:01, 85.10it/s]
 66%|##################################################################################################8                                                  | 311/469 [00:03<00:01, 85.28it/s]
 68%|#####################################################################################################6                                               | 320/469 [00:03<00:01, 85.89it/s]
 70%|########################################################################################################5                                            | 329/469 [00:03<00:01, 86.08it/s]
 72%|###########################################################################################################3                                         | 338/469 [00:03<00:01, 86.95it/s]
 74%|##############################################################################################################2                                      | 347/469 [00:03<00:01, 87.56it/s]
 76%|#################################################################################################################4                                   | 357/469 [00:04<00:01, 88.37it/s]
 78%|####################################################################################################################2                                | 366/469 [00:04<00:01, 88.61it/s]
 80%|#######################################################################################################################1                             | 375/469 [00:04<00:01, 88.50it/s]
 82%|#########################################################################################################################9                           | 384/469 [00:04<00:00, 87.13it/s]
 84%|############################################################################################################################8                        | 393/469 [00:04<00:00, 87.53it/s]
 86%|###############################################################################################################################7                     | 402/469 [00:04<00:00, 87.23it/s]
 88%|##################################################################################################################################5                  | 411/469 [00:04<00:00, 86.77it/s]
 90%|#####################################################################################################################################4               | 420/469 [00:04<00:00, 86.94it/s]
 91%|########################################################################################################################################2            | 429/469 [00:04<00:00, 87.82it/s]
 93%|###########################################################################################################################################1         | 438/469 [00:04<00:00, 87.95it/s]
 95%|##############################################################################################################################################       | 447/469 [00:05<00:00, 88.03it/s]
 97%|################################################################################################################################################8    | 456/469 [00:05<00:00, 88.51it/s]
 99%|###################################################################################################################################################7 | 465/469 [00:05<00:00, 88.68it/s]
100%|#####################################################################################################################################################| 469/469 [00:05<00:00, 87.67it/s]

  0%|                                                                                                                                                                | 0/79 [00:00<?, ?it/s]
 15%|######################7                                                                                                                               | 12/79 [00:00<00:00, 115.73it/s]
 30%|#############################################5                                                                                                        | 24/79 [00:00<00:00, 117.61it/s]
 47%|######################################################################2                                                                               | 37/79 [00:00<00:00, 122.47it/s]
 63%|##############################################################################################9                                                       | 50/79 [00:00<00:00, 123.47it/s]
 80%|#######################################################################################################################6                              | 63/79 [00:00<00:00, 124.01it/s]
 96%|################################################################################################################################################3     | 76/79 [00:00<00:00, 123.95it/s]
100%|######################################################################################################################################################| 79/79 [00:00<00:00, 123.83it/s]

  0%|                                                                                                                                                                | 0/79 [00:00<?, ?it/s]
  3%|###8                                                                                                                                                    | 2/79 [00:00<00:04, 16.53it/s]
  5%|#######6                                                                                                                                                | 4/79 [00:00<00:04, 15.69it/s]
  9%|#############4                                                                                                                                          | 7/79 [00:00<00:03, 19.65it/s]
 13%|###################1                                                                                                                                   | 10/79 [00:00<00:03, 22.89it/s]
 18%|##########################7                                                                                                                            | 14/79 [00:00<00:02, 26.00it/s]
 23%|##################################4                                                                                                                    | 18/79 [00:00<00:02, 28.24it/s]
 28%|##########################################                                                                                                             | 22/79 [00:00<00:01, 30.22it/s]
 33%|#################################################6                                                                                                     | 26/79 [00:00<00:01, 31.61it/s]
 38%|#########################################################3                                                                                             | 30/79 [00:01<00:01, 32.23it/s]
 43%|################################################################9                                                                                      | 34/79 [00:01<00:01, 33.98it/s]
 49%|##########################################################################5                                                                            | 39/79 [00:01<00:01, 35.94it/s]
 54%|##################################################################################1                                                                    | 43/79 [00:01<00:00, 36.85it/s]
 59%|#########################################################################################8                                                             | 47/79 [00:01<00:00, 37.61it/s]
 65%|#################################################################################################4                                                     | 51/79 [00:01<00:00, 38.07it/s]
 70%|#########################################################################################################1                                             | 55/79 [00:01<00:00, 38.62it/s]
 76%|##################################################################################################################6                                    | 60/79 [00:01<00:00, 39.10it/s]
 81%|##########################################################################################################################3                            | 64/79 [00:01<00:00, 39.06it/s]
 86%|#################################################################################################################################9                     | 68/79 [00:02<00:00, 39.00it/s]
 91%|#########################################################################################################################################6             | 72/79 [00:02<00:00, 39.06it/s]
 96%|#################################################################################################################################################2     | 76/79 [00:02<00:00, 39.23it/s]
100%|#######################################################################################################################################################| 79/79 [00:02<00:00, 34.27it/s]

  0%|                                                                                                                                                               | 0/469 [00:00<?, ?it/s]
  1%|#2                                                                                                                                                     | 4/469 [00:00<00:12, 36.70it/s]
  2%|##5                                                                                                                                                    | 8/469 [00:00<00:12, 38.14it/s]
  3%|###8                                                                                                                                                  | 12/469 [00:00<00:11, 38.61it/s]
  3%|#####1                                                                                                                                                | 16/469 [00:00<00:11, 38.86it/s]
  4%|######3                                                                                                                                               | 20/469 [00:00<00:11, 39.06it/s]
  5%|#######6                                                                                                                                              | 24/469 [00:00<00:11, 38.46it/s]
  6%|########9                                                                                                                                             | 28/469 [00:00<00:11, 38.59it/s]
  7%|##########2                                                                                                                                           | 32/469 [00:00<00:11, 38.91it/s]
  8%|###########5                                                                                                                                          | 36/469 [00:00<00:11, 38.89it/s]
  9%|############7                                                                                                                                         | 40/469 [00:01<00:11, 38.87it/s]
  9%|##############                                                                                                                                        | 44/469 [00:01<00:10, 38.97it/s]
 10%|###############3                                                                                                                                      | 48/469 [00:01<00:10, 38.82it/s]
 11%|################6                                                                                                                                     | 52/469 [00:01<00:10, 38.93it/s]
 12%|#################9                                                                                                                                    | 56/469 [00:01<00:10, 38.79it/s]
 13%|###################1                                                                                                                                  | 60/469 [00:01<00:10, 38.58it/s]
 14%|####################4                                                                                                                                 | 64/469 [00:01<00:10, 38.66it/s]
 14%|#####################7                                                                                                                                | 68/469 [00:01<00:10, 38.84it/s]
 15%|#######################                                                                                                                               | 72/469 [00:01<00:10, 38.84it/s]
 16%|########################3                                                                                                                             | 76/469 [00:01<00:10, 38.95it/s]
 17%|#########################5                                                                                                                            | 80/469 [00:02<00:09, 38.92it/s]
 18%|##########################8                                                                                                                           | 84/469 [00:02<00:09, 39.01it/s]
 19%|############################1                                                                                                                         | 88/469 [00:02<00:09, 39.07it/s]
 20%|#############################4                                                                                                                        | 92/469 [00:02<00:09, 39.06it/s]
 20%|##############################7                                                                                                                       | 96/469 [00:02<00:09, 38.95it/s]
 21%|###############################7                                                                                                                     | 100/469 [00:02<00:09, 38.90it/s]
 22%|#################################                                                                                                                    | 104/469 [00:02<00:09, 39.06it/s]
 23%|##################################3                                                                                                                  | 108/469 [00:02<00:09, 39.22it/s]
 24%|###################################5                                                                                                                 | 112/469 [00:02<00:09, 38.98it/s]
 25%|####################################8                                                                                                                | 116/469 [00:02<00:09, 39.06it/s]
 26%|######################################1                                                                                                              | 120/469 [00:03<00:08, 38.78it/s]
 26%|#######################################3                                                                                                             | 124/469 [00:03<00:08, 39.01it/s]
 27%|########################################6                                                                                                            | 128/469 [00:03<00:08, 38.97it/s]
 28%|#########################################9                                                                                                           | 132/469 [00:03<00:08, 38.77it/s]
 29%|###########################################2                                                                                                         | 136/469 [00:03<00:08, 38.81it/s]
 30%|############################################4                                                                                                        | 140/469 [00:03<00:08, 38.88it/s]
 31%|#############################################7                                                                                                       | 144/469 [00:03<00:08, 39.00it/s]
 32%|###############################################                                                                                                      | 148/469 [00:03<00:08, 38.39it/s]
 32%|################################################2                                                                                                    | 152/469 [00:03<00:08, 36.93it/s]
 33%|#################################################5                                                                                                   | 156/469 [00:04<00:08, 37.03it/s]
 34%|##################################################8                                                                                                  | 160/469 [00:04<00:08, 37.52it/s]
 35%|####################################################1                                                                                                | 164/469 [00:04<00:08, 37.97it/s]
 36%|#####################################################3                                                                                               | 168/469 [00:04<00:07, 38.22it/s]
 37%|######################################################6                                                                                              | 172/469 [00:04<00:07, 38.41it/s]
 38%|#######################################################9                                                                                             | 176/469 [00:04<00:07, 37.97it/s]
 38%|#########################################################1                                                                                           | 180/469 [00:04<00:07, 37.81it/s]
 39%|##########################################################4                                                                                          | 184/469 [00:04<00:07, 37.21it/s]
 40%|###########################################################7                                                                                         | 188/469 [00:04<00:07, 37.67it/s]
 41%|############################################################9                                                                                        | 192/469 [00:04<00:07, 37.74it/s]
 42%|##############################################################2                                                                                      | 196/469 [00:05<00:07, 38.07it/s]
 43%|###############################################################5                                                                                     | 200/469 [00:05<00:07, 38.27it/s]
 43%|################################################################8                                                                                    | 204/469 [00:05<00:06, 38.11it/s]
 44%|##################################################################                                                                                   | 208/469 [00:05<00:07, 36.08it/s]
 45%|###################################################################3                                                                                 | 212/469 [00:05<00:07, 35.37it/s]
 46%|####################################################################6                                                                                | 216/469 [00:05<00:07, 35.88it/s]
 47%|#####################################################################8                                                                               | 220/469 [00:05<00:06, 36.81it/s]Epoch 1
Train: Loss: 1.6388235092163086 Acc: 0.8229166666666666
Epoch 2
Train: Loss: 1.4931697845458984 Acc: 0.96875
Epoch 3
Train: Loss: 1.5129895210266113 Acc: 0.9479166666666666
Epoch 4
Train: Loss: 1.4760775566101074 Acc: 0.9895833333333334
Test:
Accuracy of the network on the test images: 97.83 %
Accuracy of 0: 98.98 %
Accuracy of 1: 98.68 %
Accuracy of 2: 98.64 %
Accuracy of 3: 96.73 %
Accuracy of 4: 98.98 %
Accuracy of 5: 98.32 %
Accuracy of 6: 98.02 %
Accuracy of 7: 97.57 %
Accuracy of 8: 97.33 %
Accuracy of 9: 95.04 %
Train:
Accuracy of the network on the test images: 97.74 %
Accuracy of 0: 98.95 %
Accuracy of 1: 97.30 %
Accuracy of 2: 98.57 %
Accuracy of 3: 95.99 %
Accuracy of 4: 99.32 %
Accuracy of 5: 98.19 %
Accuracy of 6: 98.99 %
Accuracy of 7: 98.29 %
Accuracy of 8: 96.24 %
Accuracy of 9: 95.66 %
